[ 2025-09-30 12:14:38,188 ] 1025 httpx - INFO - HTTP Request: GET https://dagshub.com/api/v1/user "HTTP/1.1 200 OK"
[ 2025-09-30 12:14:38,189 ] 107 dagshub - INFO - Accessing as joethi
[ 2025-09-30 12:14:38,355 ] 1025 httpx - INFO - HTTP Request: GET https://dagshub.com/api/v1/repos/joethi/Network-Security "HTTP/1.1 200 OK"
[ 2025-09-30 12:14:38,479 ] 1025 httpx - INFO - HTTP Request: GET https://dagshub.com/api/v1/user "HTTP/1.1 200 OK"
[ 2025-09-30 12:14:38,482 ] 107 dagshub - INFO - Initialized MLflow to track repo "joethi/Network-Security"
[ 2025-09-30 12:14:38,483 ] 107 dagshub - INFO - Repository joethi/Network-Security initialized!
[ 2025-09-30 12:15:00,524 ] 42 root - INFO - Start data Ingestion
[ 2025-09-30 12:15:02,278 ] 63 root - INFO - Performed train test split on the dataframe
[ 2025-09-30 12:15:02,278 ] 65 root - INFO - Exited split_data_as_train_test method of Data_Ingestion class
[ 2025-09-30 12:15:02,278 ] 73 root - INFO - Exporting train and test file path.
[ 2025-09-30 12:15:02,305 ] 82 root - INFO - Exported train and test file path.
[ 2025-09-30 12:15:02,305 ] 45 root - INFO - Data Ingestion completed and artifact: DataIngestionArtifact(trained_file_path='Artifacts/09_30_2025_12_14_37/data_ingestion/ingested/train.csv', test_file_path='Artifacts/09_30_2025_12_14_37/data_ingestion/ingested/test.csv')
[ 2025-09-30 12:15:02,308 ] 55 root - INFO - Initiate the data Validation
[ 2025-09-30 12:15:02,317 ] 32 root - INFO - Required number of columns:2
[ 2025-09-30 12:15:02,317 ] 33 root - INFO - Data frame has columns:31
[ 2025-09-30 12:15:02,317 ] 32 root - INFO - Required number of columns:2
[ 2025-09-30 12:15:02,317 ] 33 root - INFO - Data frame has columns:31
[ 2025-09-30 12:15:02,398 ] 63 root - INFO - Entered initiate_data_transformation method of DataTransformation class
[ 2025-09-30 12:15:02,398 ] 65 root - INFO - Starting data transformation
[ 2025-09-30 12:15:02,408 ] 48 root - INFO - Entered get_data_trnasformer_object method of Trnasformation class
[ 2025-09-30 12:15:02,408 ] 53 root - INFO - Initialise KNNImputer with {'missing_values': nan, 'n_neighbors': 3, 'weights': 'uniform'}
[ 2025-09-30 12:15:02,415 ] 46 root - INFO - Entered the save_object method of MainUtils class
[ 2025-09-30 12:15:02,417 ] 50 root - INFO - Exited the save_object method of MainUtils class
[ 2025-09-30 12:15:02,417 ] 46 root - INFO - Entered the save_object method of MainUtils class
[ 2025-09-30 12:15:02,418 ] 50 root - INFO - Exited the save_object method of MainUtils class
[ 2025-09-30 12:17:09,748 ] 46 root - INFO - Entered the save_object method of MainUtils class
[ 2025-09-30 12:17:09,748 ] 50 root - INFO - Exited the save_object method of MainUtils class
[ 2025-09-30 12:17:09,748 ] 46 root - INFO - Entered the save_object method of MainUtils class
[ 2025-09-30 12:17:09,759 ] 50 root - INFO - Exited the save_object method of MainUtils class
[ 2025-09-30 12:17:09,759 ] 145 root - INFO - Model trainer artifact: ModelTrainerArtifact(trained_model_file_path='Artifacts/09_30_2025_12_14_37/model_trainer/trained_model/model.pkl', train_metric_artifact=ClassificationMetricArtifact(f1_score=0.9913854261680348, precision_score=0.9894800728302651, recall_score=0.993298131600325), test_metric_artifact=ClassificationMetricArtifact(f1_score=0.9754329440193314, precision_score=0.9688, recall_score=0.9821573398215734))
