[ 2025-10-01 00:12:02,222 ] 1025 httpx - INFO - HTTP Request: GET https://dagshub.com/api/v1/user "HTTP/1.1 200 OK"
[ 2025-10-01 00:12:02,224 ] 107 dagshub - INFO - Accessing as joethi
[ 2025-10-01 00:12:02,422 ] 1025 httpx - INFO - HTTP Request: GET https://dagshub.com/api/v1/repos/joethi/Network-Security "HTTP/1.1 200 OK"
[ 2025-10-01 00:12:02,544 ] 1025 httpx - INFO - HTTP Request: GET https://dagshub.com/api/v1/user "HTTP/1.1 200 OK"
[ 2025-10-01 00:12:02,545 ] 107 dagshub - INFO - Initialized MLflow to track repo "joethi/Network-Security"
[ 2025-10-01 00:12:02,545 ] 107 dagshub - INFO - Repository joethi/Network-Security initialized!
[ 2025-10-01 00:12:04,831 ] 42 root - INFO - Start data Ingestion
[ 2025-10-01 00:12:06,739 ] 63 root - INFO - Performed train test split on the dataframe
[ 2025-10-01 00:12:06,739 ] 65 root - INFO - Exited split_data_as_train_test method of Data_Ingestion class
[ 2025-10-01 00:12:06,739 ] 73 root - INFO - Exporting train and test file path.
[ 2025-10-01 00:12:06,766 ] 82 root - INFO - Exported train and test file path.
[ 2025-10-01 00:12:06,766 ] 45 root - INFO - Data Ingestion completed and artifact: DataIngestionArtifact(trained_file_path='Artifacts/10_01_2025_00_11_59/data_ingestion/ingested/train.csv', test_file_path='Artifacts/10_01_2025_00_11_59/data_ingestion/ingested/test.csv')
[ 2025-10-01 00:12:06,769 ] 55 root - INFO - Initiate the data Validation
[ 2025-10-01 00:12:06,776 ] 32 root - INFO - Required number of columns:2
[ 2025-10-01 00:12:06,776 ] 33 root - INFO - Data frame has columns:31
[ 2025-10-01 00:12:06,776 ] 32 root - INFO - Required number of columns:2
[ 2025-10-01 00:12:06,776 ] 33 root - INFO - Data frame has columns:31
[ 2025-10-01 00:12:06,858 ] 63 root - INFO - Entered initiate_data_transformation method of DataTransformation class
[ 2025-10-01 00:12:06,858 ] 65 root - INFO - Starting data transformation
[ 2025-10-01 00:12:06,866 ] 48 root - INFO - Entered get_data_trnasformer_object method of Trnasformation class
[ 2025-10-01 00:12:06,866 ] 53 root - INFO - Initialise KNNImputer with {'missing_values': nan, 'n_neighbors': 3, 'weights': 'uniform'}
[ 2025-10-01 00:12:06,870 ] 46 root - INFO - Entered the save_object method of MainUtils class
[ 2025-10-01 00:12:06,875 ] 50 root - INFO - Exited the save_object method of MainUtils class
[ 2025-10-01 00:12:06,875 ] 46 root - INFO - Entered the save_object method of MainUtils class
[ 2025-10-01 00:12:06,879 ] 50 root - INFO - Exited the save_object method of MainUtils class
[ 2025-10-01 00:14:07,569 ] 46 root - INFO - Entered the save_object method of MainUtils class
[ 2025-10-01 00:14:07,571 ] 50 root - INFO - Exited the save_object method of MainUtils class
[ 2025-10-01 00:14:07,571 ] 46 root - INFO - Entered the save_object method of MainUtils class
[ 2025-10-01 00:14:07,602 ] 50 root - INFO - Exited the save_object method of MainUtils class
[ 2025-10-01 00:14:07,602 ] 145 root - INFO - Model trainer artifact: ModelTrainerArtifact(trained_model_file_path='Artifacts/10_01_2025_00_11_59/model_trainer/trained_model/model.pkl', train_metric_artifact=ClassificationMetricArtifact(f1_score=0.9913167841454694, precision_score=0.990204081632653, recall_score=0.9924319901820413), test_metric_artifact=ClassificationMetricArtifact(f1_score=0.9764150943396226, precision_score=0.9733542319749217, recall_score=0.9794952681388013))
